<?xml version="1.0" encoding="UTF-8"?>
<testng-results ignored="0" total="1" passed="1" failed="0" skipped="0">
  <reporter-output>
  </reporter-output>
  <suite started-at="2021-12-25T16:43:37 IST" name="Default suite" finished-at="2021-12-25T16:44:17 IST" duration-ms="40862">
    <groups>
    </groups>
    <test started-at="2021-12-25T16:43:37 IST" name="Default test" finished-at="2021-12-25T16:44:17 IST" duration-ms="40862">
      <class name="com.TestLayer.TestSearchedBusPage">
        <test-method is-config="true" signature="setUp()[pri:0, instance:com.TestLayer.TestSearchedBusPage@1ed1993a]" started-at="2021-12-25T16:43:37 IST" name="setUp" finished-at="2021-12-25T16:44:07 IST" duration-ms="30120" status="PASS">
          <reporter-output>
          </reporter-output>
        </test-method> <!-- setUp -->
        <test-method signature="validateSearchedBusPage()[pri:0, instance:com.TestLayer.TestSearchedBusPage@1ed1993a]" started-at="2021-12-25T16:44:07 IST" name="validateSearchedBusPage" finished-at="2021-12-25T16:44:16 IST" duration-ms="9015" status="PASS">
          <reporter-output>
          </reporter-output>
        </test-method> <!-- validateSearchedBusPage -->
        <test-method is-config="true" signature="terDown()[pri:0, instance:com.TestLayer.TestSearchedBusPage@1ed1993a]" started-at="2021-12-25T16:44:16 IST" name="terDown" finished-at="2021-12-25T16:44:17 IST" duration-ms="1598" status="PASS">
          <reporter-output>
          </reporter-output>
        </test-method> <!-- terDown -->
      </class> <!-- com.TestLayer.TestSearchedBusPage -->
    </test> <!-- Default test -->
  </suite> <!-- Default suite -->
</testng-results>
